<?xml version="1.0" encoding="UTF-8"?>
<!-- Generated by org.testng.reporters.JUnitXMLReporter -->
<testsuite ignored="8" hostname="VAISHNAVI" failures="0" tests="0" time="0.01" errors="0" timestamp="2024-04-18T10:05:15 IST">
  <testcase classname="customer.customerOpenAccountTest" name="openAccAndApproveByStaff" time="0.0">
    <ignored/>
  </testcase> <!-- openAccAndApproveByStaff -->
  <testcase classname="customer.ApplyDebitCard" name="applyDebitCard" time="0.0">
    <ignored/>
  </testcase> <!-- applyDebitCard -->
  <testcase classname="com.genericUtility.BaseClass" name="@AfterSuite closeDB" time="0.0">
    <ignored/>
  </testcase> <!-- @AfterSuite closeDB -->
  <testcase classname="com.genericUtility.BaseClass" name="@BeforeSuite connectionToDB" time="0.0">
    <ignored/>
  </testcase> <!-- @BeforeSuite connectionToDB -->
  <testcase classname="com.genericUtility.BaseClass" name="@AfterSuite closeDB" time="0.0">
    <ignored/>
  </testcase> <!-- @AfterSuite closeDB -->
  <testcase classname="customer.fundTransferUtilityTest" name="fundTransfer" time="0.0">
    <ignored/>
  </testcase> <!-- fundTransfer -->
  <testcase classname="com.genericUtility.BaseClass" name="@BeforeSuite connectionToDB" time="0.0">
    <ignored/>
  </testcase> <!-- @BeforeSuite connectionToDB -->
  <testcase classname="customer.InternetBankingT" name="registerCustoAndGetCustId" time="0.0">
    <ignored/>
  </testcase> <!-- registerCustoAndGetCustId -->
</testsuite>
