<?xml version="1.0" encoding="UTF-8"?>
<testng-results ignored="8" total="8" passed="0" failed="0" skipped="0">
  <reporter-output>
    <line>
      <![CDATA[DB Connected]]>
    </line>
    <line>
      <![CDATA[close DB Connection]]>
    </line>
  </reporter-output>
  <suite started-at="2024-04-18T10:05:15 IST" name="Suite" finished-at="2024-04-18T10:05:15 IST" duration-ms="10">
    <groups>
    </groups>
    <test started-at="2024-04-18T10:05:15 IST" name="Test" finished-at="2024-04-18T10:05:15 IST" duration-ms="10">
      <class name="customer.customerOpenAccountTest">
        <test-method is-config="true" signature="connectionToDB()[pri:0, instance:customer.customerOpenAccountTest@1a942c18]" started-at="2024-04-18T10:05:15 IST" name="connectionToDB" finished-at="2024-04-18T10:05:15 IST" duration-ms="164" status="PASS">
          <reporter-output>
            <line>
              <![CDATA[DB Connected]]>
            </line>
          </reporter-output>
        </test-method> <!-- connectionToDB -->
        <test-method is-config="true" signature="closeDB()[pri:0, instance:customer.customerOpenAccountTest@1a942c18]" started-at="2024-04-18T10:05:15 IST" name="closeDB" finished-at="2024-04-18T10:05:15 IST" duration-ms="6" status="PASS">
          <reporter-output>
            <line>
              <![CDATA[close DB Connection]]>
            </line>
          </reporter-output>
        </test-method> <!-- closeDB -->
      </class> <!-- customer.customerOpenAccountTest -->
    </test> <!-- Test -->
  </suite> <!-- Suite -->
</testng-results>
